<?xml version="1.0" encoding="UTF-8"?>
<testng-results ignored="0" total="1" passed="1" failed="0" skipped="0">
  <reporter-output>
  </reporter-output>
  <suite started-at="2022-07-07T12:03:30 IST" name="Default suite" finished-at="2022-07-07T12:04:06 IST" duration-ms="35827">
    <groups>
    </groups>
    <test started-at="2022-07-07T12:03:30 IST" name="Default test" finished-at="2022-07-07T12:04:06 IST" duration-ms="35827">
      <class name="Tests.TestCase">
        <test-method signature="SportsActivities()[pri:0, instance:Tests.TestCase@32ee6fee]" started-at="2022-07-07T12:03:30 IST" name="SportsActivities" finished-at="2022-07-07T12:04:06 IST" duration-ms="35793" status="PASS">
          <reporter-output>
          </reporter-output>
        </test-method> <!-- SportsActivities -->
      </class> <!-- Tests.TestCase -->
    </test> <!-- Default test -->
  </suite> <!-- Default suite -->
</testng-results>
